<?xml version="1.0" ?>
<!DOCTYPE coverage SYSTEM "http://cobertura.sourceforge.net/xml/coverage-04.dtd">
<coverage lines-valid="116" lines-covered="116" line-rate="1" branches-valid="2" branches-covered="2" branch-rate="1" timestamp="1590582250963" complexity="0" version="0.1">
  <sources>
    <source>C:\Users\andre\Documents\Github\stance\Source\Initium.Portal.Web</source>
  </sources>
  <packages>
    <class name="validator.spec.ts" filename="Resources\Scripts\services\validator.spec.ts" line-rate="1" branch-rate="1">
      <methods>
        <method name="generateInputGroup" hits="12" signature="()V">
          <lines>
            <line number="8" hits="12"/>
          </lines>
        </method>
        <method name="(anonymous_1)" hits="1" signature="()V">
          <lines>
            <line number="27" hits="1"/>
          </lines>
        </method>
        <method name="(anonymous_2)" hits="1" signature="()V">
          <lines>
            <line number="28" hits="1"/>
          </lines>
        </method>
        <method name="(anonymous_3)" hits="1" signature="()V">
          <lines>
            <line number="29" hits="1"/>
          </lines>
        </method>
        <method name="(anonymous_4)" hits="1" signature="()V">
          <lines>
            <line number="37" hits="1"/>
          </lines>
        </method>
        <method name="(anonymous_5)" hits="1" signature="()V">
          <lines>
            <line number="43" hits="1"/>
          </lines>
        </method>
        <method name="(anonymous_6)" hits="1" signature="()V">
          <lines>
            <line number="49" hits="1"/>
          </lines>
        </method>
        <method name="(anonymous_7)" hits="1" signature="()V">
          <lines>
            <line number="58" hits="1"/>
          </lines>
        </method>
        <method name="(anonymous_8)" hits="1" signature="()V">
          <lines>
            <line number="68" hits="1"/>
          </lines>
        </method>
        <method name="(anonymous_9)" hits="1" signature="()V">
          <lines>
            <line number="69" hits="1"/>
          </lines>
        </method>
        <method name="(anonymous_10)" hits="1" signature="()V">
          <lines>
            <line number="81" hits="1"/>
          </lines>
        </method>
        <method name="(anonymous_11)" hits="1" signature="()V">
          <lines>
            <line number="82" hits="1"/>
          </lines>
        </method>
        <method name="(anonymous_12)" hits="1" signature="()V">
          <lines>
            <line number="90" hits="1"/>
          </lines>
        </method>
        <method name="(anonymous_13)" hits="1" signature="()V">
          <lines>
            <line number="98" hits="1"/>
          </lines>
        </method>
        <method name="(anonymous_14)" hits="1" signature="()V">
          <lines>
            <line number="106" hits="1"/>
          </lines>
        </method>
        <method name="(anonymous_15)" hits="1" signature="()V">
          <lines>
            <line number="115" hits="1"/>
          </lines>
        </method>
        <method name="(anonymous_16)" hits="1" signature="()V">
          <lines>
            <line number="130" hits="1"/>
          </lines>
        </method>
      </methods>
      <lines>
        <line number="1" hits="1" branch="false"/>
        <line number="2" hits="1" branch="false"/>
        <line number="3" hits="1" branch="false"/>
        <line number="5" hits="1" branch="false"/>
        <line number="6" hits="1" branch="false"/>
        <line number="9" hits="12" branch="false"/>
        <line number="10" hits="12" branch="false"/>
        <line number="11" hits="12" branch="false"/>
        <line number="12" hits="12" branch="false"/>
        <line number="14" hits="12" branch="false"/>
        <line number="15" hits="12" branch="false"/>
        <line number="16" hits="12" branch="false"/>
        <line number="17" hits="12" branch="false"/>
        <line number="18" hits="12" branch="false"/>
        <line number="19" hits="12" branch="true" condition-coverage="100% (2/2)"/>
        <line number="20" hits="7" branch="false"/>
        <line number="21" hits="12" branch="false"/>
        <line number="22" hits="12" branch="false"/>
        <line number="24" hits="12" branch="false"/>
        <line number="27" hits="1" branch="false"/>
        <line number="28" hits="1" branch="false"/>
        <line number="29" hits="1" branch="false"/>
        <line number="31" hits="1" branch="false"/>
        <line number="32" hits="1" branch="false"/>
        <line number="33" hits="1" branch="false"/>
        <line number="34" hits="1" branch="false"/>
        <line number="35" hits="1" branch="false"/>
        <line number="37" hits="1" branch="false"/>
        <line number="38" hits="1" branch="false"/>
        <line number="39" hits="1" branch="false"/>
        <line number="40" hits="1" branch="false"/>
        <line number="41" hits="1" branch="false"/>
        <line number="43" hits="1" branch="false"/>
        <line number="44" hits="1" branch="false"/>
        <line number="45" hits="1" branch="false"/>
        <line number="46" hits="1" branch="false"/>
        <line number="47" hits="1" branch="false"/>
        <line number="49" hits="1" branch="false"/>
        <line number="50" hits="1" branch="false"/>
        <line number="51" hits="1" branch="false"/>
        <line number="52" hits="1" branch="false"/>
        <line number="53" hits="1" branch="false"/>
        <line number="54" hits="1" branch="false"/>
        <line number="55" hits="1" branch="false"/>
        <line number="56" hits="1" branch="false"/>
        <line number="58" hits="1" branch="false"/>
        <line number="59" hits="1" branch="false"/>
        <line number="60" hits="1" branch="false"/>
        <line number="61" hits="1" branch="false"/>
        <line number="62" hits="1" branch="false"/>
        <line number="63" hits="1" branch="false"/>
        <line number="64" hits="1" branch="false"/>
        <line number="65" hits="1" branch="false"/>
        <line number="68" hits="1" branch="false"/>
        <line number="69" hits="1" branch="false"/>
        <line number="70" hits="1" branch="false"/>
        <line number="71" hits="1" branch="false"/>
        <line number="72" hits="1" branch="false"/>
        <line number="73" hits="1" branch="false"/>
        <line number="74" hits="1" branch="false"/>
        <line number="75" hits="1" branch="false"/>
        <line number="76" hits="1" branch="false"/>
        <line number="77" hits="1" branch="false"/>
        <line number="78" hits="1" branch="false"/>
        <line number="81" hits="1" branch="false"/>
        <line number="82" hits="1" branch="false"/>
        <line number="83" hits="1" branch="false"/>
        <line number="84" hits="1" branch="false"/>
        <line number="85" hits="1" branch="false"/>
        <line number="86" hits="1" branch="false"/>
        <line number="87" hits="1" branch="false"/>
        <line number="88" hits="1" branch="false"/>
        <line number="90" hits="1" branch="false"/>
        <line number="91" hits="1" branch="false"/>
        <line number="92" hits="1" branch="false"/>
        <line number="93" hits="1" branch="false"/>
        <line number="94" hits="1" branch="false"/>
        <line number="95" hits="1" branch="false"/>
        <line number="96" hits="1" branch="false"/>
        <line number="98" hits="1" branch="false"/>
        <line number="99" hits="1" branch="false"/>
        <line number="100" hits="1" branch="false"/>
        <line number="101" hits="1" branch="false"/>
        <line number="102" hits="1" branch="false"/>
        <line number="103" hits="1" branch="false"/>
        <line number="104" hits="1" branch="false"/>
        <line number="106" hits="1" branch="false"/>
        <line number="107" hits="1" branch="false"/>
        <line number="108" hits="1" branch="false"/>
        <line number="109" hits="1" branch="false"/>
        <line number="110" hits="1" branch="false"/>
        <line number="111" hits="1" branch="false"/>
        <line number="112" hits="1" branch="false"/>
        <line number="113" hits="1" branch="false"/>
        <line number="115" hits="1" branch="false"/>
        <line number="116" hits="1" branch="false"/>
        <line number="117" hits="1" branch="false"/>
        <line number="118" hits="1" branch="false"/>
        <line number="119" hits="1" branch="false"/>
        <line number="120" hits="1" branch="false"/>
        <line number="121" hits="1" branch="false"/>
        <line number="122" hits="1" branch="false"/>
        <line number="123" hits="1" branch="false"/>
        <line number="124" hits="1" branch="false"/>
        <line number="125" hits="1" branch="false"/>
        <line number="126" hits="1" branch="false"/>
        <line number="127" hits="1" branch="false"/>
        <line number="128" hits="1" branch="false"/>
        <line number="130" hits="1" branch="false"/>
        <line number="131" hits="1" branch="false"/>
        <line number="132" hits="1" branch="false"/>
        <line number="133" hits="1" branch="false"/>
        <line number="134" hits="1" branch="false"/>
        <line number="135" hits="1" branch="false"/>
        <line number="136" hits="1" branch="false"/>
        <line number="137" hits="1" branch="false"/>
      </lines>
    </class>
  </packages>
</coverage>
